2017-11-14 10:03:52 Error: [Cake\Console\Exception\MissingShellException] Shell class for "Brake" could not be found. in C:\xampp\htdocs\kidsosiety\vendor\cakephp\cakephp\src\Console\ShellDispatcher.php on line 327
Exception Attributes: array (
  'class' => 'Brake',
)
Stack Trace:
#0 C:\xampp\htdocs\kidsosiety\vendor\cakephp\cakephp\src\Console\ShellDispatcher.php(226): Cake\Console\ShellDispatcher->findShell('Brake')
#1 C:\xampp\htdocs\kidsosiety\vendor\cakephp\cakephp\src\Console\ShellDispatcher.php(182): Cake\Console\ShellDispatcher->_dispatch(Array)
#2 C:\xampp\htdocs\kidsosiety\vendor\cakephp\cakephp\src\Console\ShellDispatcher.php(128): Cake\Console\ShellDispatcher->dispatch(Array)
#3 C:\xampp\htdocs\kidsosiety\bin\cake.php(34): Cake\Console\ShellDispatcher::run(Array)
#4 {main}


2018-06-14 02:33:15 Error: [Cake\Database\Exception] SQLSTATE[42S02]: Base table or view not found: 1146 Table 'ks_db.socres' doesn't exist in C:\xampp\htdocs\kidsociety\vendor\cakephp\cakephp\src\Database\Schema\Collection.php on line 131
Stack Trace:
#0 C:\xampp\htdocs\kidsociety\vendor\cakephp\cakephp\src\Database\Schema\Collection.php(97): Cake\Database\Schema\Collection->_reflect('Column', 'socres', Array, Object(Cake\Database\Schema\TableSchema))
#1 C:\xampp\htdocs\kidsociety\vendor\cakephp\cakephp\src\Database\Schema\CachedCollection.php(63): Cake\Database\Schema\Collection->describe('socres', Array)
#2 C:\xampp\htdocs\kidsociety\vendor\cakephp\cakephp\src\ORM\Table.php(531): Cake\Database\Schema\CachedCollection->describe('socres')
#3 C:\xampp\htdocs\kidsociety\vendor\cakephp\cakephp\src\ORM\Table.php(652): Cake\ORM\Table->getSchema()
#4 C:\xampp\htdocs\kidsociety\vendor\cakephp\bake\src\Shell\Task\ModelTask.php(215): Cake\ORM\Table->getPrimaryKey()
#5 C:\xampp\htdocs\kidsociety\vendor\cakephp\bake\src\Shell\Task\ModelTask.php(127): Bake\Shell\Task\ModelTask->getAssociations(Object(Cake\ORM\Table))
#6 C:\xampp\htdocs\kidsociety\vendor\cakephp\bake\src\Shell\Task\ModelTask.php(110): Bake\Shell\Task\ModelTask->getTableContext(Object(Cake\ORM\Table), 'socres', 'Socres')
#7 C:\xampp\htdocs\kidsociety\vendor\cakephp\bake\src\Shell\Task\ModelTask.php(97): Bake\Shell\Task\ModelTask->bake('Socres')
#8 C:\xampp\htdocs\kidsociety\vendor\cakephp\cakephp\src\Console\Shell.php(472): Bake\Shell\Task\ModelTask->main('socres')
#9 C:\xampp\htdocs\kidsociety\vendor\cakephp\cakephp\src\Console\Shell.php(465): Cake\Console\Shell->runCommand(Array, false, Array)
#10 C:\xampp\htdocs\kidsociety\vendor\cakephp\cakephp\src\Console\ShellDispatcher.php(230): Cake\Console\Shell->runCommand(Array, true, Array)
#11 C:\xampp\htdocs\kidsociety\vendor\cakephp\cakephp\src\Console\ShellDispatcher.php(182): Cake\Console\ShellDispatcher->_dispatch(Array)
#12 C:\xampp\htdocs\kidsociety\vendor\cakephp\cakephp\src\Console\ShellDispatcher.php(128): Cake\Console\ShellDispatcher->dispatch(Array)
#13 C:\xampp\htdocs\kidsociety\bin\cake.php(34): Cake\Console\ShellDispatcher::run(Array)
#14 {main}


